2024-12-11 15:51:23,646 INFO o.a.j.u.JMeterUtils: Setting Locale to en_EN
2024-12-11 15:51:23,659 INFO o.a.j.JMeter: Loading user properties from: /opt/jmeter/bin/user.properties
2024-12-11 15:51:23,660 INFO o.a.j.JMeter: Loading system properties from: /opt/jmeter/bin/system.properties
2024-12-11 15:51:23,663 INFO o.a.j.JMeter: Copyright (c) 1998-2024 The Apache Software Foundation
2024-12-11 15:51:23,663 INFO o.a.j.JMeter: Version 5.6.3
2024-12-11 15:51:23,664 INFO o.a.j.JMeter: java.version=21.0.5
2024-12-11 15:51:23,664 INFO o.a.j.JMeter: java.vm.name=OpenJDK 64-Bit Server VM
2024-12-11 15:51:23,664 INFO o.a.j.JMeter: os.name=Linux
2024-12-11 15:51:23,664 INFO o.a.j.JMeter: os.arch=amd64
2024-12-11 15:51:23,664 INFO o.a.j.JMeter: os.version=6.8.0-49-generic
2024-12-11 15:51:23,664 INFO o.a.j.JMeter: file.encoding=UTF-8
2024-12-11 15:51:23,664 INFO o.a.j.JMeter: java.awt.headless=null
2024-12-11 15:51:23,664 INFO o.a.j.JMeter: Max memory     =1073741824
2024-12-11 15:51:23,664 INFO o.a.j.JMeter: Available Processors =8
2024-12-11 15:51:23,674 INFO o.a.j.JMeter: Default Locale=English (EN)
2024-12-11 15:51:23,675 INFO o.a.j.JMeter: JMeter  Locale=English (EN)
2024-12-11 15:51:23,675 INFO o.a.j.JMeter: JMeterHome=/opt/jmeter
2024-12-11 15:51:23,675 INFO o.a.j.JMeter: user.dir  =/home/sylvi/IdeaProjects/NoteKipzler
2024-12-11 15:51:23,675 INFO o.a.j.JMeter: PWD       =/home/sylvi/IdeaProjects/NoteKipzler
2024-12-11 15:51:23,675 INFO o.a.j.JMeter: IP: 127.0.1.1 Name: sylvi-Ubuntu FullName: sylvi-Ubuntu
2024-12-11 15:51:23,700 INFO o.a.j.JMeter: Loaded icon properties from org/apache/jmeter/images/icon.properties
2024-12-11 15:51:23,979 INFO o.a.j.JMeterGuiLauncher: Setting LAF to: com.github.weisj.darklaf.DarkLaf:com.github.weisj.darklaf.theme.DarculaTheme
2024-12-11 15:51:41,262 INFO o.a.j.p.h.s.HTTPSamplerBase: Parser for text/html is org.apache.jmeter.protocol.http.parser.LagartoBasedHtmlParser
2024-12-11 15:51:41,262 INFO o.a.j.p.h.s.HTTPSamplerBase: Parser for application/xhtml+xml is org.apache.jmeter.protocol.http.parser.LagartoBasedHtmlParser
2024-12-11 15:51:41,262 INFO o.a.j.p.h.s.HTTPSamplerBase: Parser for application/xml is org.apache.jmeter.protocol.http.parser.LagartoBasedHtmlParser
2024-12-11 15:51:41,263 INFO o.a.j.p.h.s.HTTPSamplerBase: Parser for text/xml is org.apache.jmeter.protocol.http.parser.LagartoBasedHtmlParser
2024-12-11 15:51:41,263 INFO o.a.j.p.h.s.HTTPSamplerBase: Parser for text/vnd.wap.wml is org.apache.jmeter.protocol.http.parser.RegexpHTMLParser
2024-12-11 15:51:41,263 INFO o.a.j.p.h.s.HTTPSamplerBase: Parser for text/css is org.apache.jmeter.protocol.http.parser.CssParser
2024-12-11 15:57:56,025 INFO o.a.j.s.SampleResult: Note: Sample TimeStamps are START times
2024-12-11 15:57:56,025 INFO o.a.j.s.SampleResult: sampleresult.default.encoding is set to UTF-8
2024-12-11 15:57:56,025 INFO o.a.j.s.SampleResult: sampleresult.useNanoTime=true
2024-12-11 15:57:56,025 INFO o.a.j.s.SampleResult: sampleresult.nanoThreadSleep=5000
2024-12-11 15:58:22,063 INFO o.a.j.s.FileServer: Default base='/home/sylvi/IdeaProjects/NoteKipzler'
2024-12-11 15:58:22,064 INFO o.a.j.s.FileServer: Set new base='/home/sylvi/IdeaProjects/NoteKipzler'
2024-12-11 15:58:22,196 INFO o.a.j.s.SaveService: Testplan (JMX) version: 2.2. Testlog (JTL) version: 2.2
2024-12-11 15:58:22,203 INFO o.a.j.s.SaveService: Using SaveService properties version 5.0
2024-12-11 15:58:22,204 INFO o.a.j.s.SaveService: Using SaveService properties file encoding UTF-8
2024-12-11 15:58:22,224 INFO o.a.j.e.StandardJMeterEngine: Running the test!
2024-12-11 15:58:22,225 INFO o.a.j.s.SampleEvent: List of sample_variables: []
2024-12-11 15:58:22,225 INFO o.a.j.s.SampleEvent: List of sample_variables: []
2024-12-11 15:58:22,225 INFO o.a.j.e.u.CompoundVariable: Note: Function class names must contain the string: '.functions.'
2024-12-11 15:58:22,225 INFO o.a.j.e.u.CompoundVariable: Note: Function class names must not contain the string: '.gui.'
2024-12-11 15:58:22,276 INFO o.a.j.g.u.JMeterMenuBar: setRunning(true, *local*)
2024-12-11 15:58:22,312 INFO o.a.j.e.StandardJMeterEngine: Starting ThreadGroup: 1 : Thread Group
2024-12-11 15:58:22,313 INFO o.a.j.e.StandardJMeterEngine: Starting 10 threads for group Thread Group.
2024-12-11 15:58:22,313 INFO o.a.j.e.StandardJMeterEngine: Thread will continue on error
2024-12-11 15:58:22,313 INFO o.a.j.t.ThreadGroup: Starting thread group... number=1 threads=10 ramp-up=5 delayedStart=false
2024-12-11 15:58:22,316 INFO o.a.j.t.JMeterThread: Thread started: Thread Group 1-1
2024-12-11 15:58:22,317 INFO o.a.j.t.ThreadGroup: Started thread group number 1
2024-12-11 15:58:22,317 INFO o.a.j.e.StandardJMeterEngine: All thread groups have been started
2024-12-11 15:58:22,332 INFO o.a.j.p.h.s.HTTPHCAbstractImpl: Local host = sylvi-Ubuntu
2024-12-11 15:58:22,342 INFO o.a.j.p.h.s.HTTPHC4Impl: HTTP request retry count = 0
2024-12-11 15:58:22,593 INFO o.a.j.t.JMeterThread: Thread is done: Thread Group 1-1
2024-12-11 15:58:22,593 INFO o.a.j.t.JMeterThread: Thread finished: Thread Group 1-1
2024-12-11 15:58:22,814 INFO o.a.j.t.JMeterThread: Thread started: Thread Group 1-2
2024-12-11 15:58:22,925 INFO o.a.j.t.JMeterThread: Thread is done: Thread Group 1-2
2024-12-11 15:58:22,925 INFO o.a.j.t.JMeterThread: Thread finished: Thread Group 1-2
2024-12-11 15:58:23,314 INFO o.a.j.t.JMeterThread: Thread started: Thread Group 1-3
2024-12-11 15:58:23,475 INFO o.a.j.t.JMeterThread: Thread is done: Thread Group 1-3
2024-12-11 15:58:23,476 INFO o.a.j.t.JMeterThread: Thread finished: Thread Group 1-3
2024-12-11 15:58:23,814 INFO o.a.j.t.JMeterThread: Thread started: Thread Group 1-4
2024-12-11 15:58:23,913 INFO o.a.j.t.JMeterThread: Thread is done: Thread Group 1-4
2024-12-11 15:58:23,913 INFO o.a.j.t.JMeterThread: Thread finished: Thread Group 1-4
2024-12-11 15:58:24,314 INFO o.a.j.t.JMeterThread: Thread started: Thread Group 1-5
2024-12-11 15:58:24,388 INFO o.a.j.t.JMeterThread: Thread is done: Thread Group 1-5
2024-12-11 15:58:24,388 INFO o.a.j.t.JMeterThread: Thread finished: Thread Group 1-5
2024-12-11 15:58:24,813 INFO o.a.j.t.JMeterThread: Thread started: Thread Group 1-6
2024-12-11 15:58:24,909 INFO o.a.j.t.JMeterThread: Thread is done: Thread Group 1-6
2024-12-11 15:58:24,909 INFO o.a.j.t.JMeterThread: Thread finished: Thread Group 1-6
2024-12-11 15:58:25,314 INFO o.a.j.t.JMeterThread: Thread started: Thread Group 1-7
2024-12-11 15:58:25,385 INFO o.a.j.t.JMeterThread: Thread is done: Thread Group 1-7
2024-12-11 15:58:25,385 INFO o.a.j.t.JMeterThread: Thread finished: Thread Group 1-7
2024-12-11 15:58:25,814 INFO o.a.j.t.JMeterThread: Thread started: Thread Group 1-8
2024-12-11 15:58:25,937 INFO o.a.j.t.JMeterThread: Thread is done: Thread Group 1-8
2024-12-11 15:58:25,937 INFO o.a.j.t.JMeterThread: Thread finished: Thread Group 1-8
2024-12-11 15:58:26,313 INFO o.a.j.t.JMeterThread: Thread started: Thread Group 1-9
2024-12-11 15:58:26,370 INFO o.a.j.t.JMeterThread: Thread is done: Thread Group 1-9
2024-12-11 15:58:26,370 INFO o.a.j.t.JMeterThread: Thread finished: Thread Group 1-9
2024-12-11 15:58:26,813 INFO o.a.j.t.JMeterThread: Thread started: Thread Group 1-10
2024-12-11 15:58:26,880 INFO o.a.j.t.JMeterThread: Thread is done: Thread Group 1-10
2024-12-11 15:58:26,880 INFO o.a.j.t.JMeterThread: Thread finished: Thread Group 1-10
2024-12-11 15:58:26,880 INFO o.a.j.e.StandardJMeterEngine: Notifying test listeners of end of test
2024-12-11 15:58:26,881 INFO o.a.j.g.u.JMeterMenuBar: setRunning(false, *local*)
2024-12-11 15:58:52,832 INFO o.a.j.e.StandardJMeterEngine: Running the test!
2024-12-11 15:58:52,833 INFO o.a.j.s.SampleEvent: List of sample_variables: []
2024-12-11 15:58:52,834 INFO o.a.j.g.u.JMeterMenuBar: setRunning(true, *local*)
2024-12-11 15:58:52,867 INFO o.a.j.e.StandardJMeterEngine: Starting ThreadGroup: 1 : Thread Group
2024-12-11 15:58:52,867 INFO o.a.j.e.StandardJMeterEngine: Starting 10 threads for group Thread Group.
2024-12-11 15:58:52,867 INFO o.a.j.e.StandardJMeterEngine: Thread will continue on error
2024-12-11 15:58:52,867 INFO o.a.j.t.ThreadGroup: Starting thread group... number=1 threads=10 ramp-up=5 delayedStart=false
2024-12-11 15:58:52,868 INFO o.a.j.t.JMeterThread: Thread started: Thread Group 1-1
2024-12-11 15:58:52,870 INFO o.a.j.t.ThreadGroup: Started thread group number 1
2024-12-11 15:58:52,870 INFO o.a.j.e.StandardJMeterEngine: All thread groups have been started
2024-12-11 15:58:52,922 INFO o.a.j.t.JMeterThread: Thread is done: Thread Group 1-1
2024-12-11 15:58:52,922 INFO o.a.j.t.JMeterThread: Thread finished: Thread Group 1-1
2024-12-11 15:58:53,368 INFO o.a.j.t.JMeterThread: Thread started: Thread Group 1-2
2024-12-11 15:58:53,456 INFO o.a.j.t.JMeterThread: Thread is done: Thread Group 1-2
2024-12-11 15:58:53,456 INFO o.a.j.t.JMeterThread: Thread finished: Thread Group 1-2
2024-12-11 15:58:53,868 INFO o.a.j.t.JMeterThread: Thread started: Thread Group 1-3
2024-12-11 15:58:53,964 INFO o.a.j.t.JMeterThread: Thread is done: Thread Group 1-3
2024-12-11 15:58:53,964 INFO o.a.j.t.JMeterThread: Thread finished: Thread Group 1-3
2024-12-11 15:58:54,368 INFO o.a.j.t.JMeterThread: Thread started: Thread Group 1-4
2024-12-11 15:58:54,416 INFO o.a.j.t.JMeterThread: Thread is done: Thread Group 1-4
2024-12-11 15:58:54,417 INFO o.a.j.t.JMeterThread: Thread finished: Thread Group 1-4
2024-12-11 15:58:54,867 INFO o.a.j.t.JMeterThread: Thread started: Thread Group 1-5
2024-12-11 15:58:54,974 INFO o.a.j.t.JMeterThread: Thread is done: Thread Group 1-5
2024-12-11 15:58:54,974 INFO o.a.j.t.JMeterThread: Thread finished: Thread Group 1-5
2024-12-11 15:58:55,368 INFO o.a.j.t.JMeterThread: Thread started: Thread Group 1-6
2024-12-11 15:58:55,416 INFO o.a.j.t.JMeterThread: Thread is done: Thread Group 1-6
2024-12-11 15:58:55,416 INFO o.a.j.t.JMeterThread: Thread finished: Thread Group 1-6
2024-12-11 15:58:55,868 INFO o.a.j.t.JMeterThread: Thread started: Thread Group 1-7
2024-12-11 15:58:55,959 INFO o.a.j.t.JMeterThread: Thread is done: Thread Group 1-7
2024-12-11 15:58:55,959 INFO o.a.j.t.JMeterThread: Thread finished: Thread Group 1-7
2024-12-11 15:58:56,367 INFO o.a.j.t.JMeterThread: Thread started: Thread Group 1-8
2024-12-11 15:58:56,479 INFO o.a.j.t.JMeterThread: Thread is done: Thread Group 1-8
2024-12-11 15:58:56,479 INFO o.a.j.t.JMeterThread: Thread finished: Thread Group 1-8
2024-12-11 15:58:56,868 INFO o.a.j.t.JMeterThread: Thread started: Thread Group 1-9
2024-12-11 15:58:56,941 INFO o.a.j.t.JMeterThread: Thread is done: Thread Group 1-9
2024-12-11 15:58:56,941 INFO o.a.j.t.JMeterThread: Thread finished: Thread Group 1-9
2024-12-11 15:58:57,369 INFO o.a.j.t.JMeterThread: Thread started: Thread Group 1-10
2024-12-11 15:58:57,416 INFO o.a.j.t.JMeterThread: Thread is done: Thread Group 1-10
2024-12-11 15:58:57,416 INFO o.a.j.t.JMeterThread: Thread finished: Thread Group 1-10
2024-12-11 15:58:57,417 INFO o.a.j.e.StandardJMeterEngine: Notifying test listeners of end of test
2024-12-11 15:58:57,417 INFO o.a.j.g.u.JMeterMenuBar: setRunning(false, *local*)
2024-12-11 16:06:07,558 INFO o.a.j.e.StandardJMeterEngine: Running the test!
2024-12-11 16:06:07,559 INFO o.a.j.s.SampleEvent: List of sample_variables: []
2024-12-11 16:06:07,561 INFO o.a.j.g.u.JMeterMenuBar: setRunning(true, *local*)
2024-12-11 16:06:07,609 INFO o.a.j.e.StandardJMeterEngine: Starting ThreadGroup: 1 : Thread Group
2024-12-11 16:06:07,609 INFO o.a.j.e.StandardJMeterEngine: Starting 10 threads for group Thread Group.
2024-12-11 16:06:07,609 INFO o.a.j.e.StandardJMeterEngine: Thread will continue on error
2024-12-11 16:06:07,609 INFO o.a.j.t.ThreadGroup: Starting thread group... number=1 threads=10 ramp-up=5 delayedStart=false
2024-12-11 16:06:07,610 INFO o.a.j.t.JMeterThread: Thread started: Thread Group 1-1
2024-12-11 16:06:07,611 INFO o.a.j.t.ThreadGroup: Started thread group number 1
2024-12-11 16:06:07,611 INFO o.a.j.e.StandardJMeterEngine: All thread groups have been started
2024-12-11 16:06:07,705 INFO o.a.j.t.JMeterThread: Thread is done: Thread Group 1-1
2024-12-11 16:06:07,705 INFO o.a.j.t.JMeterThread: Thread finished: Thread Group 1-1
2024-12-11 16:06:08,109 INFO o.a.j.t.JMeterThread: Thread started: Thread Group 1-2
2024-12-11 16:06:08,205 INFO o.a.j.t.JMeterThread: Thread is done: Thread Group 1-2
2024-12-11 16:06:08,205 INFO o.a.j.t.JMeterThread: Thread finished: Thread Group 1-2
2024-12-11 16:06:08,609 INFO o.a.j.t.JMeterThread: Thread started: Thread Group 1-3
2024-12-11 16:06:08,693 INFO o.a.j.t.JMeterThread: Thread is done: Thread Group 1-3
2024-12-11 16:06:08,693 INFO o.a.j.t.JMeterThread: Thread finished: Thread Group 1-3
2024-12-11 16:06:09,110 INFO o.a.j.t.JMeterThread: Thread started: Thread Group 1-4
2024-12-11 16:06:09,229 INFO o.a.j.t.JMeterThread: Thread is done: Thread Group 1-4
2024-12-11 16:06:09,229 INFO o.a.j.t.JMeterThread: Thread finished: Thread Group 1-4
2024-12-11 16:06:09,609 INFO o.a.j.t.JMeterThread: Thread started: Thread Group 1-5
2024-12-11 16:06:09,728 INFO o.a.j.t.JMeterThread: Thread is done: Thread Group 1-5
2024-12-11 16:06:09,728 INFO o.a.j.t.JMeterThread: Thread finished: Thread Group 1-5
2024-12-11 16:06:10,110 INFO o.a.j.t.JMeterThread: Thread started: Thread Group 1-6
2024-12-11 16:06:10,196 INFO o.a.j.t.JMeterThread: Thread is done: Thread Group 1-6
2024-12-11 16:06:10,196 INFO o.a.j.t.JMeterThread: Thread finished: Thread Group 1-6
2024-12-11 16:06:10,610 INFO o.a.j.t.JMeterThread: Thread started: Thread Group 1-7
2024-12-11 16:06:10,704 INFO o.a.j.t.JMeterThread: Thread is done: Thread Group 1-7
2024-12-11 16:06:10,705 INFO o.a.j.t.JMeterThread: Thread finished: Thread Group 1-7
2024-12-11 16:06:11,110 INFO o.a.j.t.JMeterThread: Thread started: Thread Group 1-8
2024-12-11 16:06:11,194 INFO o.a.j.t.JMeterThread: Thread is done: Thread Group 1-8
2024-12-11 16:06:11,194 INFO o.a.j.t.JMeterThread: Thread finished: Thread Group 1-8
2024-12-11 16:06:11,610 INFO o.a.j.t.JMeterThread: Thread started: Thread Group 1-9
2024-12-11 16:06:11,678 INFO o.a.j.t.JMeterThread: Thread is done: Thread Group 1-9
2024-12-11 16:06:11,678 INFO o.a.j.t.JMeterThread: Thread finished: Thread Group 1-9
2024-12-11 16:06:12,109 INFO o.a.j.t.JMeterThread: Thread started: Thread Group 1-10
2024-12-11 16:06:12,262 INFO o.a.j.t.JMeterThread: Thread is done: Thread Group 1-10
2024-12-11 16:06:12,263 INFO o.a.j.t.JMeterThread: Thread finished: Thread Group 1-10
2024-12-11 16:06:12,263 INFO o.a.j.e.StandardJMeterEngine: Notifying test listeners of end of test
2024-12-11 16:06:12,263 INFO o.a.j.g.u.JMeterMenuBar: setRunning(false, *local*)
